2019-03-22 15:05:47,955 - __main__ - INFO - Loading data
2019-03-22 15:05:47,955 - __main__ - INFO - ----------
2019-03-22 15:05:48,224 - __main__ - INFO - Running experiments
2019-03-22 15:05:48,225 - __main__ - INFO - Running RF experiment: Adult (None)
2019-03-22 15:05:48,225 - __main__ - INFO -  Details: ExperimentDetails(ds=<data.loader.AdultData object at 0x0000027F7393D630>, ds_name=adult, ds_readable_name=Adult, best_nn_params={'NN__activation': ['logistic'], 'NN__alpha': [0.00031622776601683794], 'NN__hidden_layer_sizes': [(53, 53, 53)], 'NN__learning_rate_init': [0.016]}, threads=-1, seed=113)
2019-03-22 15:10:37,759 - __main__ - INFO - Running RP experiment: Adult (None)
2019-03-22 15:10:37,759 - __main__ - INFO -  Details: ExperimentDetails(ds=<data.loader.AdultData object at 0x0000027F7393D630>, ds_name=adult, ds_readable_name=Adult, best_nn_params={'NN__activation': ['logistic'], 'NN__alpha': [0.00031622776601683794], 'NN__hidden_layer_sizes': [(53, 53, 53)], 'NN__learning_rate_init': [0.016]}, threads=-1, seed=113)
2019-03-22 15:15:34,633 - __main__ - INFO - Timings: {'RF': 289, 'RP': 296}
2019-03-22 15:22:22,721 - __main__ - INFO - Loading data
2019-03-22 15:22:22,721 - __main__ - INFO - ----------
2019-03-22 15:22:22,990 - __main__ - INFO - Running experiments
2019-03-22 15:22:22,991 - __main__ - INFO - Running RF experiment: Madelon (None)
2019-03-22 15:22:22,991 - __main__ - INFO -  Details: ExperimentDetails(ds=<data.loader.MadelonData object at 0x00000234C701F710>, ds_name=madelon, ds_readable_name=Madelon, best_nn_params={'NN__activation': ['relu'], 'NN__alpha': [10.0], 'NN__hidden_layer_sizes': [(1000, 1000)], 'NN__learning_rate_init': [0.032]}, threads=-1, seed=113)
2019-03-22 15:28:44,515 - __main__ - INFO - Running RP experiment: Madelon (None)
2019-03-22 15:28:44,515 - __main__ - INFO -  Details: ExperimentDetails(ds=<data.loader.MadelonData object at 0x00000234C701F710>, ds_name=madelon, ds_readable_name=Madelon, best_nn_params={'NN__activation': ['relu'], 'NN__alpha': [10.0], 'NN__hidden_layer_sizes': [(1000, 1000)], 'NN__learning_rate_init': [0.032]}, threads=-1, seed=113)
2019-03-22 15:30:44,108 - __main__ - INFO - Timings: {'RF': 381, 'RP': 119}
2019-03-22 15:44:18,929 - __main__ - INFO - Loading data
2019-03-22 15:44:18,929 - __main__ - INFO - ----------
2019-03-22 15:44:19,475 - __main__ - INFO - Plotting results
2019-03-22 15:46:05,426 - __main__ - INFO - Loading data
2019-03-22 15:46:05,426 - __main__ - INFO - ----------
2019-03-22 15:46:05,689 - __main__ - INFO - ----------
2019-03-22 15:46:05,689 - __main__ - INFO - Running experiments
2019-03-22 15:46:05,689 - __main__ - INFO - Running with dimension 8
2019-03-22 15:46:05,690 - __main__ - INFO -  Details: ExperimentDetails(ds=<data.loader.AdultData object at 0x000001D6186406A0>, ds_name=adult, ds_readable_name=Adult, best_nn_params={'NN__activation': ['logistic'], 'NN__alpha': [0.00031622776601683794], 'NN__hidden_layer_sizes': [(53, 53, 53)], 'NN__learning_rate_init': [0.016]}, threads=-1, seed=113)
2019-03-22 15:50:01,891 - __main__ - INFO - Timings: {'RP': 236}
2019-03-22 15:50:04,322 - __main__ - INFO - Loading data
2019-03-22 15:50:04,322 - __main__ - INFO - ----------
2019-03-22 15:50:04,673 - __main__ - INFO - ----------
2019-03-22 15:50:04,674 - __main__ - INFO - Running experiments
2019-03-22 15:50:04,674 - __main__ - INFO - Running with dimension 12
2019-03-22 15:50:04,674 - __main__ - INFO -  Details: ExperimentDetails(ds=<data.loader.MadelonData object at 0x0000021E3809F898>, ds_name=madelon, ds_readable_name=Madelon, best_nn_params={'NN__activation': ['relu'], 'NN__alpha': [10.0], 'NN__hidden_layer_sizes': [(1000, 1000)], 'NN__learning_rate_init': [0.032]}, threads=-1, seed=113)
2019-03-22 15:53:32,565 - __main__ - INFO - Timings: {'RP': 207}
2019-03-22 15:53:35,041 - __main__ - INFO - Loading data
2019-03-22 15:53:35,041 - __main__ - INFO - ----------
2019-03-22 15:53:35,270 - __main__ - INFO - ----------
2019-03-22 15:53:35,270 - __main__ - INFO - Running experiments
2019-03-22 15:53:35,271 - __main__ - INFO - Running with dimension 10
2019-03-22 15:53:35,271 - __main__ - INFO -  Details: ExperimentDetails(ds=<data.loader.AdultData object at 0x000001C1A4A706A0>, ds_name=adult, ds_readable_name=Adult, best_nn_params={'NN__activation': ['logistic'], 'NN__alpha': [0.00031622776601683794], 'NN__hidden_layer_sizes': [(53, 53, 53)], 'NN__learning_rate_init': [0.016]}, threads=-1, seed=113)
2019-03-22 15:58:30,821 - __main__ - INFO - Timings: {'RF': 295}
2019-03-22 15:58:33,210 - __main__ - INFO - Loading data
2019-03-22 15:58:33,210 - __main__ - INFO - ----------
2019-03-22 15:58:33,561 - __main__ - INFO - ----------
2019-03-22 15:58:33,561 - __main__ - INFO - Running experiments
2019-03-22 15:58:33,562 - __main__ - INFO - Running with dimension 25
2019-03-22 15:58:33,562 - __main__ - INFO -  Details: ExperimentDetails(ds=<data.loader.MadelonData object at 0x0000022EAA5B07F0>, ds_name=madelon, ds_readable_name=Madelon, best_nn_params={'NN__activation': ['relu'], 'NN__alpha': [10.0], 'NN__hidden_layer_sizes': [(1000, 1000)], 'NN__learning_rate_init': [0.032]}, threads=-1, seed=113)
2019-03-22 16:02:28,674 - __main__ - INFO - Timings: {'RF': 235}
2019-03-22 16:05:19,890 - __main__ - INFO - Loading data
2019-03-22 16:05:19,890 - __main__ - INFO - ----------
2019-03-22 16:05:20,516 - __main__ - INFO - Plotting results
